Added Component: Designator=J_OLED(J_OLED)
Added Pin To Net: NetName=GND Pin=J_OLED-1
Added Pin To Net: NetName=GND Pin=J_OLED-2
Added Pin To Net: NetName=GND Pin=J_OLED-3
Added Pin To Net: NetName=D2 Pin=J_OLED-4
Added Pin To Net: NetName=+3.3V Pin=J_OLED-5
Added Pin To Net: NetName=BS1 Pin=J_OLED-6
Added Pin To Net: NetName=BS2 Pin=J_OLED-7
Added Pin To Net: NetName=C\S\ Pin=J_OLED-8
Added Pin To Net: NetName=R\S\T\ Pin=J_OLED-9
Added Pin To Net: NetName=D/C\ Pin=J_OLED-10
Added Pin To Net: NetName=R/W\R\ Pin=J_OLED-11
Added Pin To Net: NetName=E/R\D\ Pin=J_OLED-12
Added Pin To Net: NetName=D0 Pin=J_OLED-13
Added Pin To Net: NetName=D1 Pin=J_OLED-14
Added Pin To Net: NetName=D2 Pin=J_OLED-15
Added Pin To Net: NetName=D3 Pin=J_OLED-16
Added Pin To Net: NetName=D4 Pin=J_OLED-17
Added Pin To Net: NetName=D5 Pin=J_OLED-18
Added Pin To Net: NetName=D6 Pin=J_OLED-19
Added Pin To Net: NetName=D7 Pin=J_OLED-20
Added Pin To Net: NetName=NetJ_OLED_21 Pin=J_OLED-21
Added Pin To Net: NetName=NetC7_2 Pin=J_OLED-22
Added Pin To Net: NetName=VOLED Pin=J_OLED-23
Added Pin To Net: NetName=GND Pin=J_OLED-24
Added Pin To Net: NetName=D2 Pin=J_OLED-25
Added Pin To Net: NetName=D2 Pin=J_OLED-26
Added Member To Class: ClassName=OLED_BREAKOUT Member=Component J_OLED OLED Connector
