Added Component: Designator=C1(SMD-1206)
Add component (AddParameter): Name = "Capactiance"; Value = "10uF"; VariantName = "[No Variations]"
Add component (AddParameter): Name = "Size"; Value = "1206"; VariantName = "[No Variations]"
Added Component: Designator=C2(SMD-0603)
Add component (AddParameter): Name = "Capacitance"; Value = "1uF"; VariantName = "[No Variations]"
Add component (AddParameter): Name = "Size"; Value = "0603"; VariantName = "[No Variations]"
Added Component: Designator=C3(SMD-0603)
Add component (AddParameter): Name = "Capacitance"; Value = "1uF"; VariantName = "[No Variations]"
Add component (AddParameter): Name = "Size"; Value = "0603"; VariantName = "[No Variations]"
Added Component: Designator=C4(SMD-0805)
Add component (AddParameter): Name = "Capacitance"; Value = "4.6uF"; VariantName = "[No Variations]"
Add component (AddParameter): Name = "Size"; Value = "0805"; VariantName = "[No Variations]"
Added Component: Designator=C5(SMD-0603)
Add component (AddParameter): Name = "Capacitance"; Value = "0.1uF"; VariantName = "[No Variations]"
Add component (AddParameter): Name = "Size"; Value = "0603"; VariantName = "[No Variations]"
Added Component: Designator=C6(SMD-0603)
Add component (AddParameter): Name = "Capacitance"; Value = "0.1uF"; VariantName = "[No Variations]"
Add component (AddParameter): Name = "Size"; Value = "0603"; VariantName = "[No Variations]"
Added Component: Designator=C7(SMD-0805)
Add component (AddParameter): Name = "Capacitance"; Value = "4.7uF"; VariantName = "[No Variations]"
Add component (AddParameter): Name = "Size"; Value = "0805"; VariantName = "[No Variations]"
Added Component: Designator=C8(SMD-1206)
Add component (AddParameter): Name = "Capacitance"; Value = "10uF"; VariantName = "[No Variations]"
Add component (AddParameter): Name = "Size"; Value = "1206"; VariantName = "[No Variations]"
Added Component: Designator=C9(SMD-0603)
Add component (AddParameter): Name = "Capacitance"; Value = "0.1uF"; VariantName = "[No Variations]"
Add component (AddParameter): Name = "Size"; Value = "0603"; VariantName = "[No Variations]"
Added Component: Designator=D1(D1_SOD-123)
Added Component: Designator=D2(D2_SOD523)
Added Component: Designator=JP_BS1_HI(SMD-0805)
Add component (AddParameter): Name = "LatestRevisionDate"; Value = "17-Jul-2002"; VariantName = "[No Variations]"
Add component (AddParameter): Name = "LatestRevisionNote"; Value = "Re-released for DXP Platform."; VariantName = "[No Variations]"
Add component (AddParameter): Name = "PackageDescription"; Value = "Radial Cap, Thru-Hole; 2 Leads; 0.2 in Pin Spacing"; VariantName = "[No Variations]"
Add component (AddParameter): Name = "PackageReference"; Value = "RAD-0.2"; VariantName = "[No Variations]"
Add component (AddParameter): Name = "Published"; Value = "24-Mar-1999"; VariantName = "[No Variations]"
Add component (AddParameter): Name = "Publisher"; Value = "Altium Limited"; VariantName = "[No Variations]"
Add component (AddParameter): Name = "State"; Value = "OPEN"; VariantName = "[No Variations]"
Added Component: Designator=JP_BS2_HI(SMD-0805)
Add component (AddParameter): Name = "LatestRevisionDate"; Value = "17-Jul-2002"; VariantName = "[No Variations]"
Add component (AddParameter): Name = "LatestRevisionNote"; Value = "Re-released for DXP Platform."; VariantName = "[No Variations]"
Add component (AddParameter): Name = "PackageDescription"; Value = "Radial Cap, Thru-Hole; 2 Leads; 0.2 in Pin Spacing"; VariantName = "[No Variations]"
Add component (AddParameter): Name = "PackageReference"; Value = "RAD-0.2"; VariantName = "[No Variations]"
Add component (AddParameter): Name = "Published"; Value = "24-Mar-1999"; VariantName = "[No Variations]"
Add component (AddParameter): Name = "Publisher"; Value = "Altium Limited"; VariantName = "[No Variations]"
Add component (AddParameter): Name = "State"; Value = "OPEN"; VariantName = "[No Variations]"
Added Component: Designator=JP_SA0_HI(SMD-0805)
Add component (AddParameter): Name = "LatestRevisionDate"; Value = "17-Jul-2002"; VariantName = "[No Variations]"
Add component (AddParameter): Name = "LatestRevisionNote"; Value = "Re-released for DXP Platform."; VariantName = "[No Variations]"
Add component (AddParameter): Name = "PackageDescription"; Value = "Radial Cap, Thru-Hole; 2 Leads; 0.2 in Pin Spacing"; VariantName = "[No Variations]"
Add component (AddParameter): Name = "PackageReference"; Value = "RAD-0.2"; VariantName = "[No Variations]"
Add component (AddParameter): Name = "Published"; Value = "24-Mar-1999"; VariantName = "[No Variations]"
Add component (AddParameter): Name = "Publisher"; Value = "Altium Limited"; VariantName = "[No Variations]"
Add component (AddParameter): Name = "State"; Value = "OPEN"; VariantName = "[No Variations]"
Added Component: Designator=JP_SDA=SDA(SMD-0805)
Add component (AddParameter): Name = "LatestRevisionDate"; Value = "17-Jul-2002"; VariantName = "[No Variations]"
Add component (AddParameter): Name = "LatestRevisionNote"; Value = "Re-released for DXP Platform."; VariantName = "[No Variations]"
Add component (AddParameter): Name = "PackageDescription"; Value = "Radial Cap, Thru-Hole; 2 Leads; 0.2 in Pin Spacing"; VariantName = "[No Variations]"
Add component (AddParameter): Name = "PackageReference"; Value = "RAD-0.2"; VariantName = "[No Variations]"
Add component (AddParameter): Name = "Published"; Value = "24-Mar-1999"; VariantName = "[No Variations]"
Add component (AddParameter): Name = "Publisher"; Value = "Altium Limited"; VariantName = "[No Variations]"
Add component (AddParameter): Name = "State"; Value = "OPEN"; VariantName = "[No Variations]"
Added Component: Designator=JP_VOLED_EN(SMD-0805)
Add component (AddParameter): Name = "LatestRevisionDate"; Value = "17-Jul-2002"; VariantName = "[No Variations]"
Add component (AddParameter): Name = "LatestRevisionNote"; Value = "Re-released for DXP Platform."; VariantName = "[No Variations]"
Add component (AddParameter): Name = "PackageDescription"; Value = "Radial Cap, Thru-Hole; 2 Leads; 0.2 in Pin Spacing"; VariantName = "[No Variations]"
Add component (AddParameter): Name = "PackageReference"; Value = "RAD-0.2"; VariantName = "[No Variations]"
Add component (AddParameter): Name = "Published"; Value = "24-Mar-1999"; VariantName = "[No Variations]"
Add component (AddParameter): Name = "Publisher"; Value = "Altium Limited"; VariantName = "[No Variations]"
Add component (AddParameter): Name = "State"; Value = "CLOSED"; VariantName = "[No Variations]"
Added Component: Designator=MCU(TEENSY 4.0)
Added Component: Designator=R1(SMD-0603)
Add component (AddParameter): Name = "Resistance"; Value = "47K"; VariantName = "[No Variations]"
Add component (AddParameter): Name = "Size"; Value = "0603"; VariantName = "[No Variations]"
Added Component: Designator=R2(SMD-0603)
Add component (AddParameter): Name = "Resistance"; Value = "5.1K"; VariantName = "[No Variations]"
Add component (AddParameter): Name = "Size"; Value = "0603"; VariantName = "[No Variations]"
Added Component: Designator=R3(SMD-0603)
Add component (AddParameter): Name = "Resistance"; Value = "5.1K"; VariantName = "[No Variations]"
Add component (AddParameter): Name = "Size"; Value = "0603"; VariantName = "[No Variations]"
Added Component: Designator=R4(SMD-0603)
Add component (AddParameter): Name = "Resistance"; Value = "910K"; VariantName = "[No Variations]"
Add component (AddParameter): Name = "Size"; Value = "0603"; VariantName = "[No Variations]"
Added Component: Designator=R11(SMD-0805)
Add component (AddParameter): Name = "Resistance"; Value = "100K"; VariantName = "[No Variations]"
Add component (AddParameter): Name = "SIze"; Value = "0805"; VariantName = "[No Variations]"
Added Component: Designator=R12(SMD-0805)
Add component (AddParameter): Name = "Resistance"; Value = "100K"; VariantName = "[No Variations]"
Add component (AddParameter): Name = "SIze"; Value = "0805"; VariantName = "[No Variations]"
Added Component: Designator=R13(SMD-0805)
Add component (AddParameter): Name = "Resistance"; Value = "100K"; VariantName = "[No Variations]"
Add component (AddParameter): Name = "SIze"; Value = "0805"; VariantName = "[No Variations]"
Added Component: Designator=R14(SMD-0805)
Add component (AddParameter): Name = "Resistance"; Value = "100K"; VariantName = "[No Variations]"
Add component (AddParameter): Name = "SIze"; Value = "0805"; VariantName = "[No Variations]"
Added Component: Designator=R21(SMD-0805)
Add component (AddParameter): Name = "Resistance"; Value = "100K"; VariantName = "[No Variations]"
Add component (AddParameter): Name = "SIze"; Value = "0805"; VariantName = "[No Variations]"
Added Component: Designator=R22(SMD-0805)
Add component (AddParameter): Name = "Resistance"; Value = "100K"; VariantName = "[No Variations]"
Add component (AddParameter): Name = "SIze"; Value = "0805"; VariantName = "[No Variations]"
Added Component: Designator=R23(SMD-0805)
Add component (AddParameter): Name = "Resistance"; Value = "100K"; VariantName = "[No Variations]"
Add component (AddParameter): Name = "SIze"; Value = "0805"; VariantName = "[No Variations]"
Added Component: Designator=R24(SMD-0805)
Add component (AddParameter): Name = "Resistance"; Value = "100K"; VariantName = "[No Variations]"
Add component (AddParameter): Name = "SIze"; Value = "0805"; VariantName = "[No Variations]"
Added Component: Designator=R31(SMD-0805)
Add component (AddParameter): Name = "Resistance"; Value = "100K"; VariantName = "[No Variations]"
Add component (AddParameter): Name = "SIze"; Value = "0805"; VariantName = "[No Variations]"
Added Component: Designator=R32(SMD-0805)
Add component (AddParameter): Name = "Resistance"; Value = "100K"; VariantName = "[No Variations]"
Add component (AddParameter): Name = "SIze"; Value = "0805"; VariantName = "[No Variations]"
Added Component: Designator=R33(SMD-0805)
Add component (AddParameter): Name = "Resistance"; Value = "100K"; VariantName = "[No Variations]"
Add component (AddParameter): Name = "SIze"; Value = "0805"; VariantName = "[No Variations]"
Added Component: Designator=R34(SMD-0805)
Add component (AddParameter): Name = "Resistance"; Value = "100K"; VariantName = "[No Variations]"
Add component (AddParameter): Name = "SIze"; Value = "0805"; VariantName = "[No Variations]"
Added Component: Designator=U1(U1_SOT-23-5)
Add component (AddParameter): Name = "Part#"; Value = "AP3012KTR-G1"; VariantName = "[No Variations]"
Added Pin To Net: NetName=GND Pin=C1-1
Added Pin To Net: NetName=GND Pin=C2-1
Added Pin To Net: NetName=GND Pin=C3-1
Added Pin To Net: NetName=GND Pin=C4-1
Added Pin To Net: NetName=GND Pin=C5-1
Added Pin To Net: NetName=GND Pin=C6-1
Added Pin To Net: NetName=GND Pin=C7-1
Added Pin To Net: NetName=GND Pin=C8-1
Added Pin To Net: NetName=GND Pin=C9-1
Added Pin To Net: NetName=GND Pin=MCU-25
Added Pin To Net: NetName=GND Pin=R2-1
Added Pin To Net: NetName=GND Pin=R4-1
Added Pin To Net: NetName=GND Pin=R11-2
Added Pin To Net: NetName=GND Pin=R12-2
Added Pin To Net: NetName=GND Pin=R13-2
Added Pin To Net: NetName=GND Pin=R14-2
Added Pin To Net: NetName=GND Pin=R21-2
Added Pin To Net: NetName=GND Pin=R22-2
Added Pin To Net: NetName=GND Pin=R23-2
Added Pin To Net: NetName=GND Pin=R24-2
Added Pin To Net: NetName=GND Pin=R31-2
Added Pin To Net: NetName=GND Pin=R32-2
Added Pin To Net: NetName=GND Pin=R33-2
Added Pin To Net: NetName=GND Pin=R34-2
Added Pin To Net: NetName=GND Pin=U1-2
Added Pin To Net: NetName=+3.3V Pin=C1-2
Added Pin To Net: NetName=+3.3V Pin=C2-2
Added Pin To Net: NetName=+3.3V Pin=C4-2
Added Pin To Net: NetName=+3.3V Pin=C5-2
Added Pin To Net: NetName=+3.3V Pin=D2-2
Added Pin To Net: NetName=+3.3V Pin=JP_BS1_HI-1
Added Pin To Net: NetName=+3.3V Pin=JP_BS2_HI-1
Added Pin To Net: NetName=+3.3V Pin=JP_SA0_HI-2
Added Pin To Net: NetName=+3.3V Pin=JP_VOLED_EN-2
Added Pin To Net: NetName=+3.3V Pin=MCU-24
Added Pin To Net: NetName=+3.3V Pin=R3-2
Added Pin To Net: NetName=+3.3V Pin=U1-5
Added Net: Name=+3.3V
Added Pin To Net: NetName=BS1 Pin=JP_BS1_HI-2
Added Pin To Net: NetName=BS1 Pin=R11-1
Added Net: Name=BS1
Added Pin To Net: NetName=BS2 Pin=JP_BS2_HI-2
Added Pin To Net: NetName=BS2 Pin=R12-1
Added Net: Name=BS2
Added Pin To Net: NetName=C\S\ Pin=MCU-10
Added Pin To Net: NetName=C\S\ Pin=R13-1
Added Net: Name=C\S\
Added Pin To Net: NetName=D0 Pin=JP_SDA=SDA-1
Added Pin To Net: NetName=D0 Pin=MCU-13
Added Net: Name=D0
Added Pin To Net: NetName=D1 Pin=JP_SDA=SDA-2
Added Pin To Net: NetName=D1 Pin=MCU-11
Added Net: Name=D1
Added Pin To Net: NetName=D2 Pin=R14-1
Added Net: Name=D2
Added Pin To Net: NetName=D3 Pin=R24-1
Added Net: Name=D3
Added Pin To Net: NetName=D4 Pin=R31-1
Added Net: Name=D4
Added Pin To Net: NetName=D5 Pin=R32-1
Added Net: Name=D5
Added Pin To Net: NetName=D6 Pin=R33-1
Added Net: Name=D6
Added Pin To Net: NetName=D7 Pin=R34-1
Added Net: Name=D7
Added Pin To Net: NetName=D/C\ Pin=JP_SA0_HI-1
Added Pin To Net: NetName=D/C\ Pin=MCU-9
Added Pin To Net: NetName=D/C\ Pin=R21-1
Added Net: Name=D/C\
Added Pin To Net: NetName=E/R\D\ Pin=R23-1
Added Net: Name=E/R\D\
Added Pin To Net: NetName=NetC7_2 Pin=C7-2
Added Net: Name=NetC7_2
Added Pin To Net: NetName=NetD1_1 Pin=D1-1
Added Pin To Net: NetName=NetD1_1 Pin=U1-1
Added Net: Name=NetD1_1
Added Pin To Net: NetName=NetJ_OLED_21 Pin=R4-2
Added Net: Name=NetJ_OLED_21
Added Pin To Net: NetName=NetR1_1 Pin=R1-1
Added Pin To Net: NetName=NetR1_1 Pin=R2-2
Added Pin To Net: NetName=NetR1_1 Pin=U1-3
Added Net: Name=NetR1_1
Added Pin To Net: NetName=R/W\R\ Pin=R22-1
Added Net: Name=R/W\R\
Added Pin To Net: NetName=R\S\T\ Pin=C6-2
Added Pin To Net: NetName=R\S\T\ Pin=D2-1
Added Pin To Net: NetName=R\S\T\ Pin=MCU-8
Added Pin To Net: NetName=R\S\T\ Pin=R3-1
Added Net: Name=R\S\T\
Added Pin To Net: NetName=VOLED_EN Pin=JP_VOLED_EN-1
Added Pin To Net: NetName=VOLED_EN Pin=U1-4
Added Net: Name=VOLED_EN
Added Pin To Net: NetName=VOLED Pin=C3-2
Added Pin To Net: NetName=VOLED Pin=C8-2
Added Pin To Net: NetName=VOLED Pin=C9-2
Added Pin To Net: NetName=VOLED Pin=D1-2
Added Pin To Net: NetName=VOLED Pin=R1-2
Added Net: Name=VOLED
Added Class: Name=OLED_BREAKOUT
Added Member To Class: ClassName=MCU Member=Component MCU Teensy 4.0
