Change Physical Footprint: Designator=C1 Old Footprint=SMD-1206 New Footprint=SMD-1206
Change Physical Footprint: Designator=C2 Old Footprint=SMD-0603 New Footprint=SMD-0603
Change Physical Footprint: Designator=C3 Old Footprint=SMD-0603 New Footprint=SMD-0603
Change Physical Footprint: Designator=C4 Old Footprint=SMD-0805 New Footprint=SMD-0805
Change Physical Footprint: Designator=C5 Old Footprint=SMD-0603 New Footprint=SMD-0603
Change Physical Footprint: Designator=C6 Old Footprint=SMD-0603 New Footprint=SMD-0603
Change Physical Footprint: Designator=C7 Old Footprint=SMD-0805 New Footprint=SMD-0805
Change Physical Footprint: Designator=C8 Old Footprint=SMD-1206 New Footprint=SMD-1206
Change Physical Footprint: Designator=C9 Old Footprint=SMD-0603 New Footprint=SMD-0603
Change Physical Footprint: Designator=JP_BS1_HI Old Footprint=SMD-0805 New Footprint=SMD-0805
Change Physical Footprint: Designator=JP_BS2_HI Old Footprint=SMD-0805 New Footprint=SMD-0805
Change Physical Footprint: Designator=JP_SA0_HI Old Footprint=SMD-0805 New Footprint=SMD-0805
Change Physical Footprint: Designator=JP_SDA=SDA Old Footprint=SMD-0805 New Footprint=SMD-0805
Change Physical Footprint: Designator=JP_VOLED_EN Old Footprint=SMD-0805 New Footprint=SMD-0805
Change Physical Footprint: Designator=R1 Old Footprint=SMD-0603 New Footprint=SMD-0603
Change Physical Footprint: Designator=R2 Old Footprint=SMD-0603 New Footprint=SMD-0603
Change Physical Footprint: Designator=R3 Old Footprint=SMD-0603 New Footprint=SMD-0603
Change Physical Footprint: Designator=R4 Old Footprint=SMD-0603 New Footprint=SMD-0603
Change Physical Footprint: Designator=R11 Old Footprint=SMD-0805 New Footprint=SMD-0805
Change Physical Footprint: Designator=R12 Old Footprint=SMD-0805 New Footprint=SMD-0805
Change Physical Footprint: Designator=R13 Old Footprint=SMD-0805 New Footprint=SMD-0805
Change Physical Footprint: Designator=R21 Old Footprint=SMD-0805 New Footprint=SMD-0805
Change Physical Footprint: Designator=R22 Old Footprint=SMD-0805 New Footprint=SMD-0805
Change Physical Footprint: Designator=R23 Old Footprint=SMD-0805 New Footprint=SMD-0805
Change Physical Footprint: Designator=R24 Old Footprint=SMD-0805 New Footprint=SMD-0805
Change Physical Footprint: Designator=R31 Old Footprint=SMD-0805 New Footprint=SMD-0805
Change Physical Footprint: Designator=R32 Old Footprint=SMD-0805 New Footprint=SMD-0805
Change Physical Footprint: Designator=R33 Old Footprint=SMD-0805 New Footprint=SMD-0805
Change Physical Footprint: Designator=R34 Old Footprint=SMD-0805 New Footprint=SMD-0805
